src/event-subscription/services/event-subscription.service.spec.ts(525,53): error TS2345: Argument of type '{}' is not assignable to parameter of type 'DeepPartial<EventSubscription> & EventSubscription'.
src/event-subscription/services/event-subscription.service.spec.ts(778,53): error TS2345: Argument of type '{}' is not assignable to parameter of type 'DeepPartial<EventSubscription> & EventSubscription'.
src/history/services/historic-variable-instance.service.spec.ts(458,41): error TS2345: Argument of type 'HistoricVariableInstanceEntity[]' is not assignable to parameter of type 'DeepPartial<HistoricVariableInstanceEntity> & HistoricVariableInstanceEntity'.
src/history/services/history.service.spec.ts(76,5): error TS2353: Object literal may only specify known properties, and 'name' does not exist in type 'HistoricProcessInstance'.
src/mail/services/mail.service.spec.ts(12,4): error TS2769: No overload matches this call.
  Overload 1 of 2, '(path: string, factory?: MockFactoryWithHelper<unknown> | MockOptions): void', gave the following error.
    Argument of type 'Promise<{ default: typeof import("H:/2026code/demo/doc-flow/source-flowable-engine/flow-node-engine/node_modules/.pnpm/@types+nodemailer@7.0.9/node_modules/@types/nodemailer/index"); createTransport(transport: SMTPPool | Options, defaults?: Options): Transporter<...>; createTransport(transport: SendmailTransport | O...' is not assignable to parameter of type 'string'.
  Overload 2 of 2, '(module: Promise<{ default: typeof import("H:/2026code/demo/doc-flow/source-flowable-engine/flow-node-engine/node_modules/.pnpm/@types+nodemailer@7.0.9/node_modules/@types/nodemailer/index"); createTransport(transport: SMTPPool | Options, defaults?: Options): Transporter<...>; createTransport(transport: SendmailTransport | Options, defaults?: Options): Transporter<...>; createTransport(transport: StreamTransport | Options, defaults?: Options): Transporter<...>; createTransport(transport: JSONTransport | Options, defaults?: Options): Transporter<...>; createTransport(transport: SESTransport | Options, defaults?: Options): Transporter<...>; createTransport(transport?: string | ... 1 more ... | Options, defaults?: Options): Transporter<...>; createTransport<T>(transport: TransportOptions | Transport<...>, defaults?: TransportOptions): Transporter<...>; createTestAccount(apiUrl: string, callback: (err: Error, testAccount: TestAccount) => void): void; createTestAccount(callback: (err: Error, testAccount: TestAccount) => void): void; createTestAccount(apiUrl?: string): Promise<...>; getTestMessageUrl(info: import("H:/2026code/demo/doc-flow/source-flowable-engine/flow-node-engine/node_modules/.pnpm/@types+nodemailer@7.0.9/node_modules/@types/nodemailer/lib/ses-transport/index").SentMessageInfo | import("H:/2026code/demo/doc-flow/source-flowable-engine/flow-node-engine/node_modules/.pnpm/@types+nodemailer@7.0.9/node_modules/@types/nodemailer/lib/smtp-transport/index").SentMessageInfo): string | false; }>, factory?: MockOptions | MockFactoryWithHelper<...>): void', gave the following error.
    Argument of type '(importOriginal: <T extends { default: typeof import("H:/2026code/demo/doc-flow/source-flowable-engine/flow-node-engine/node_modules/.pnpm/@types+nodemailer@7.0.9/node_modules/@types/nodemailer/index"); createTransport(transport: SMTPPool | Options, defaults?: Options): Transporter<...>; createTransport(transport: S...' is not assignable to parameter of type 'MockOptions | MockFactoryWithHelper<{ default: typeof import("H:/2026code/demo/doc-flow/source-flowable-engine/flow-node-engine/node_modules/.pnpm/@types+nodemailer@7.0.9/node_modules/@types/nodemailer/index"); createTransport(transport: SMTPPool | Options, defaults?: Options): Transporter<...>; createTransport(tran...'.
      Type '(importOriginal: <T extends { default: typeof import("H:/2026code/demo/doc-flow/source-flowable-engine/flow-node-engine/node_modules/.pnpm/@types+nodemailer@7.0.9/node_modules/@types/nodemailer/index"); createTransport(transport: SMTPPool | Options, defaults?: Options): Transporter<...>; createTransport(transport: S...' is not assignable to type 'MockFactoryWithHelper<{ default: typeof import("H:/2026code/demo/doc-flow/source-flowable-engine/flow-node-engine/node_modules/.pnpm/@types+nodemailer@7.0.9/node_modules/@types/nodemailer/index"); createTransport(transport: SMTPPool | Options, defaults?: Options): Transporter<...>; createTransport(transport: Sendmai...'.
        Type 'Promise<{ default: { createTransport: Mock<() => { sendMail: Mock<Procedure>; verify: Mock<Procedure>; }>; createTestAccount(apiUrl: string, callback: (err: Error, testAccount: TestAccount) => void): void; createTestAccount(callback: (err: Error, testAccount: TestAccount) => void): void; createTestAccount(apiUrl?: s...' is not assignable to type 'Promisable<Partial<{ default: typeof import("H:/2026code/demo/doc-flow/source-flowable-engine/flow-node-engine/node_modules/.pnpm/@types+nodemailer@7.0.9/node_modules/@types/nodemailer/index"); createTransport(transport: SMTPPool | Options, defaults?: Options): Transporter<...>; createTransport(transport: SendmailTr...'.
          Type 'Promise<{ default: { createTransport: Mock<() => { sendMail: Mock<Procedure>; verify: Mock<Procedure>; }>; createTestAccount(apiUrl: string, callback: (err: Error, testAccount: TestAccount) => void): void; createTestAccount(callback: (err: Error, testAccount: TestAccount) => void): void; createTestAccount(apiUrl?: s...' is not assignable to type 'Promise<Partial<{ default: typeof import("H:/2026code/demo/doc-flow/source-flowable-engine/flow-node-engine/node_modules/.pnpm/@types+nodemailer@7.0.9/node_modules/@types/nodemailer/index"); createTransport(transport: SMTPPool | Options, defaults?: Options): Transporter<...>; createTransport(transport: SendmailTrans...'.
            Type '{ default: { createTransport: Mock<() => { sendMail: Mock<Procedure>; verify: Mock<Procedure>; }>; createTestAccount(apiUrl: string, callback: (err: Error | null, testAccount: TestAccount) => void): void; createTestAccount(callback: (err: Error | null, testAccount: TestAccount) => void): void; createTestAccount(apiU...' is not assignable to type 'Partial<{ default: typeof import("H:/2026code/demo/doc-flow/source-flowable-engine/flow-node-engine/node_modules/.pnpm/@types+nodemailer@7.0.9/node_modules/@types/nodemailer/index"); createTransport(transport: SMTPPool | Options, defaults?: Options): Transporter<...>; createTransport(transport: SendmailTransport | O...'.
              The types returned by 'default.createTransport(...)' are incompatible between these types.
                Type '{ sendMail: Mock<Procedure>; verify: Mock<Procedure>; }' is missing the following properties from type 'Mail<SentMessageInfo, Options>': options, meta, dkim, transporter, and 25 more.
src/process-definition/controllers/process-definition.controller.spec.ts(11,38): error TS2352: Conversion of type '{ id: string; key: string; name: string; version: number; category: string; bpmnXml: string; deploymentId: string; resourceName: string; suspensionState: string; tenantId: string; startTime: Date; endTime: null; created: Date; updated: Date; }' to type 'ProcessDefinition' may be a mistake because neither type sufficiently overlaps with the other. If this was intentional, convert the expression to 'unknown' first.
  Type '{ id: string; key: string; name: string; version: number; category: string; bpmnXml: string; deploymentId: string; resourceName: string; suspensionState: string; tenantId: string; startTime: Date; endTime: null; created: Date; updated: Date; }' is missing the following properties from type 'ProcessDefinition': deployment, isSuspended, createTime
src/process-instance/services/variable.service.spec.ts(314,41): error TS2322: Type '{ key: string; }' is not assignable to type 'string'.
